This is pdfTeX, Version 3.1415926-1.40.11 (TeX Live 2010) (format=pdflatex 2010.7.21)  2 JUN 2014 16:41
entering extended mode
 restricted \write18 enabled.
 %&-line parsing enabled.
**telescopedoc.tex
(./telescopedoc.tex
LaTeX2e <2009/09/24>
Babel <v3.8l> and hyphenation patterns for english, dumylang, nohyphenation, ge
rman-x-2009-06-19, ngerman-x-2009-06-19, ancientgreek, ibycus, arabic, armenian
, basque, bulgarian, catalan, pinyin, coptic, croatian, czech, danish, dutch, u
kenglish, usenglishmax, esperanto, estonian, farsi, finnish, french, galician, 
german, ngerman, swissgerman, monogreek, greek, hungarian, icelandic, assamese,
 bengali, gujarati, hindi, kannada, malayalam, marathi, oriya, panjabi, tamil, 
telugu, indonesian, interlingua, irish, italian, kurmanji, lao, latin, latvian,
 lithuanian, mongolian, mongolianlmc, bokmal, nynorsk, polish, portuguese, roma
nian, russian, sanskrit, serbian, slovak, slovenian, spanish, swedish, turkish,
 turkmen, ukrainian, uppersorbian, welsh, loaded.
(/usr/local/texlive/2010/texmf-dist/tex/latex/base/article.cls
Document Class: article 2007/10/19 v1.4h Standard LaTeX document class
(/usr/local/texlive/2010/texmf-dist/tex/latex/base/size11.clo
File: size11.clo 2007/10/19 v1.4h Standard LaTeX file (size option)
)
\c@part=\count79
\c@section=\count80
\c@subsection=\count81
\c@subsubsection=\count82
\c@paragraph=\count83
\c@subparagraph=\count84
\c@figure=\count85
\c@table=\count86
\abovecaptionskip=\skip41
\belowcaptionskip=\skip42
\bibindent=\dimen102
)
(/usr/local/texlive/2010/texmf-dist/tex/latex/base/inputenc.sty
Package: inputenc 2008/03/30 v1.1d Input encoding file
\inpenc@prehook=\toks14
\inpenc@posthook=\toks15

(/usr/local/texlive/2010/texmf-dist/tex/latex/base/utf8.def
File: utf8.def 2008/04/05 v1.1m UTF-8 support for inputenc
Now handling font encoding OML ...
... no UTF-8 mapping file for font encoding OML
Now handling font encoding T1 ...
... processing UTF-8 mapping file for font encoding T1

(/usr/local/texlive/2010/texmf-dist/tex/latex/base/t1enc.dfu
File: t1enc.dfu 2008/04/05 v1.1m UTF-8 support for inputenc
   defining Unicode char U+00A1 (decimal 161)
   defining Unicode char U+00A3 (decimal 163)
   defining Unicode char U+00AB (decimal 171)
   defining Unicode char U+00BB (decimal 187)
   defining Unicode char U+00BF (decimal 191)
   defining Unicode char U+00C0 (decimal 192)
   defining Unicode char U+00C1 (decimal 193)
   defining Unicode char U+00C2 (decimal 194)
   defining Unicode char U+00C3 (decimal 195)
   defining Unicode char U+00C4 (decimal 196)
   defining Unicode char U+00C5 (decimal 197)
   defining Unicode char U+00C6 (decimal 198)
   defining Unicode char U+00C7 (decimal 199)
   defining Unicode char U+00C8 (decimal 200)
   defining Unicode char U+00C9 (decimal 201)
   defining Unicode char U+00CA (decimal 202)
   defining Unicode char U+00CB (decimal 203)
   defining Unicode char U+00CC (decimal 204)
   defining Unicode char U+00CD (decimal 205)
   defining Unicode char U+00CE (decimal 206)
   defining Unicode char U+00CF (decimal 207)
   defining Unicode char U+00D0 (decimal 208)
   defining Unicode char U+00D1 (decimal 209)
   defining Unicode char U+00D2 (decimal 210)
   defining Unicode char U+00D3 (decimal 211)
   defining Unicode char U+00D4 (decimal 212)
   defining Unicode char U+00D5 (decimal 213)
   defining Unicode char U+00D6 (decimal 214)
   defining Unicode char U+00D8 (decimal 216)
   defining Unicode char U+00D9 (decimal 217)
   defining Unicode char U+00DA (decimal 218)
   defining Unicode char U+00DB (decimal 219)
   defining Unicode char U+00DC (decimal 220)
   defining Unicode char U+00DD (decimal 221)
   defining Unicode char U+00DE (decimal 222)
   defining Unicode char U+00DF (decimal 223)
   defining Unicode char U+00E0 (decimal 224)
   defining Unicode char U+00E1 (decimal 225)
   defining Unicode char U+00E2 (decimal 226)
   defining Unicode char U+00E3 (decimal 227)
   defining Unicode char U+00E4 (decimal 228)
   defining Unicode char U+00E5 (decimal 229)
   defining Unicode char U+00E6 (decimal 230)
   defining Unicode char U+00E7 (decimal 231)
   defining Unicode char U+00E8 (decimal 232)
   defining Unicode char U+00E9 (decimal 233)
   defining Unicode char U+00EA (decimal 234)
   defining Unicode char U+00EB (decimal 235)
   defining Unicode char U+00EC (decimal 236)
   defining Unicode char U+00ED (decimal 237)
   defining Unicode char U+00EE (decimal 238)
   defining Unicode char U+00EF (decimal 239)
   defining Unicode char U+00F0 (decimal 240)
   defining Unicode char U+00F1 (decimal 241)
   defining Unicode char U+00F2 (decimal 242)
   defining Unicode char U+00F3 (decimal 243)
   defining Unicode char U+00F4 (decimal 244)
   defining Unicode char U+00F5 (decimal 245)
   defining Unicode char U+00F6 (decimal 246)
   defining Unicode char U+00F8 (decimal 248)
   defining Unicode char U+00F9 (decimal 249)
   defining Unicode char U+00FA (decimal 250)
   defining Unicode char U+00FB (decimal 251)
   defining Unicode char U+00FC (decimal 252)
   defining Unicode char U+00FD (decimal 253)
   defining Unicode char U+00FE (decimal 254)
   defining Unicode char U+00FF (decimal 255)
   defining Unicode char U+0102 (decimal 258)
   defining Unicode char U+0103 (decimal 259)
   defining Unicode char U+0104 (decimal 260)
   defining Unicode char U+0105 (decimal 261)
   defining Unicode char U+0106 (decimal 262)
   defining Unicode char U+0107 (decimal 263)
   defining Unicode char U+010C (decimal 268)
   defining Unicode char U+010D (decimal 269)
   defining Unicode char U+010E (decimal 270)
   defining Unicode char U+010F (decimal 271)
   defining Unicode char U+0110 (decimal 272)
   defining Unicode char U+0111 (decimal 273)
   defining Unicode char U+0118 (decimal 280)
   defining Unicode char U+0119 (decimal 281)
   defining Unicode char U+011A (decimal 282)
   defining Unicode char U+011B (decimal 283)
   defining Unicode char U+011E (decimal 286)
   defining Unicode char U+011F (decimal 287)
   defining Unicode char U+0130 (decimal 304)
   defining Unicode char U+0131 (decimal 305)
   defining Unicode char U+0132 (decimal 306)
   defining Unicode char U+0133 (decimal 307)
   defining Unicode char U+0139 (decimal 313)
   defining Unicode char U+013A (decimal 314)
   defining Unicode char U+013D (decimal 317)
   defining Unicode char U+013E (decimal 318)
   defining Unicode char U+0141 (decimal 321)
   defining Unicode char U+0142 (decimal 322)
   defining Unicode char U+0143 (decimal 323)
   defining Unicode char U+0144 (decimal 324)
   defining Unicode char U+0147 (decimal 327)
   defining Unicode char U+0148 (decimal 328)
   defining Unicode char U+014A (decimal 330)
   defining Unicode char U+014B (decimal 331)
   defining Unicode char U+0150 (decimal 336)
   defining Unicode char U+0151 (decimal 337)
   defining Unicode char U+0152 (decimal 338)
   defining Unicode char U+0153 (decimal 339)
   defining Unicode char U+0154 (decimal 340)
   defining Unicode char U+0155 (decimal 341)
   defining Unicode char U+0158 (decimal 344)
   defining Unicode char U+0159 (decimal 345)
   defining Unicode char U+015A (decimal 346)
   defining Unicode char U+015B (decimal 347)
   defining Unicode char U+015E (decimal 350)
   defining Unicode char U+015F (decimal 351)
   defining Unicode char U+0160 (decimal 352)
   defining Unicode char U+0161 (decimal 353)
   defining Unicode char U+0162 (decimal 354)
   defining Unicode char U+0163 (decimal 355)
   defining Unicode char U+0164 (decimal 356)
   defining Unicode char U+0165 (decimal 357)
   defining Unicode char U+016E (decimal 366)
   defining Unicode char U+016F (decimal 367)
   defining Unicode char U+0170 (decimal 368)
   defining Unicode char U+0171 (decimal 369)
   defining Unicode char U+0178 (decimal 376)
   defining Unicode char U+0179 (decimal 377)
   defining Unicode char U+017A (decimal 378)
   defining Unicode char U+017B (decimal 379)
   defining Unicode char U+017C (decimal 380)
   defining Unicode char U+017D (decimal 381)
   defining Unicode char U+017E (decimal 382)
   defining Unicode char U+200C (decimal 8204)
   defining Unicode char U+2013 (decimal 8211)
   defining Unicode char U+2014 (decimal 8212)
   defining Unicode char U+2018 (decimal 8216)
   defining Unicode char U+2019 (decimal 8217)
   defining Unicode char U+201A (decimal 8218)
   defining Unicode char U+201C (decimal 8220)
   defining Unicode char U+201D (decimal 8221)
   defining Unicode char U+201E (decimal 8222)
   defining Unicode char U+2030 (decimal 8240)
   defining Unicode char U+2031 (decimal 8241)
   defining Unicode char U+2039 (decimal 8249)
   defining Unicode char U+203A (decimal 8250)
   defining Unicode char U+2423 (decimal 9251)
)
Now handling font encoding OT1 ...
... processing UTF-8 mapping file for font encoding OT1

(/usr/local/texlive/2010/texmf-dist/tex/latex/base/ot1enc.dfu
File: ot1enc.dfu 2008/04/05 v1.1m UTF-8 support for inputenc
   defining Unicode char U+00A1 (decimal 161)
   defining Unicode char U+00A3 (decimal 163)
   defining Unicode char U+00B8 (decimal 184)
   defining Unicode char U+00BF (decimal 191)
   defining Unicode char U+00C5 (decimal 197)
   defining Unicode char U+00C6 (decimal 198)
   defining Unicode char U+00D8 (decimal 216)
   defining Unicode char U+00DF (decimal 223)
   defining Unicode char U+00E6 (decimal 230)
   defining Unicode char U+00EC (decimal 236)
   defining Unicode char U+00ED (decimal 237)
   defining Unicode char U+00EE (decimal 238)
   defining Unicode char U+00EF (decimal 239)
   defining Unicode char U+00F8 (decimal 248)
   defining Unicode char U+0131 (decimal 305)
   defining Unicode char U+0141 (decimal 321)
   defining Unicode char U+0142 (decimal 322)
   defining Unicode char U+0152 (decimal 338)
   defining Unicode char U+0153 (decimal 339)
   defining Unicode char U+2013 (decimal 8211)
   defining Unicode char U+2014 (decimal 8212)
   defining Unicode char U+2018 (decimal 8216)
   defining Unicode char U+2019 (decimal 8217)
   defining Unicode char U+201C (decimal 8220)
   defining Unicode char U+201D (decimal 8221)
)
Now handling font encoding OMS ...
... processing UTF-8 mapping file for font encoding OMS

(/usr/local/texlive/2010/texmf-dist/tex/latex/base/omsenc.dfu
File: omsenc.dfu 2008/04/05 v1.1m UTF-8 support for inputenc
   defining Unicode char U+00A7 (decimal 167)
   defining Unicode char U+00B6 (decimal 182)
   defining Unicode char U+00B7 (decimal 183)
   defining Unicode char U+2020 (decimal 8224)
   defining Unicode char U+2021 (decimal 8225)
   defining Unicode char U+2022 (decimal 8226)
)
Now handling font encoding OMX ...
... no UTF-8 mapping file for font encoding OMX
Now handling font encoding U ...
... no UTF-8 mapping file for font encoding U
   defining Unicode char U+00A9 (decimal 169)
   defining Unicode char U+00AA (decimal 170)
   defining Unicode char U+00AE (decimal 174)
   defining Unicode char U+00BA (decimal 186)
   defining Unicode char U+02C6 (decimal 710)
   defining Unicode char U+02DC (decimal 732)
   defining Unicode char U+200C (decimal 8204)
   defining Unicode char U+2026 (decimal 8230)
   defining Unicode char U+2122 (decimal 8482)
   defining Unicode char U+2423 (decimal 9251)
))
(/usr/local/texlive/2010/texmf-dist/tex/latex/geometry/geometry.sty
Package: geometry 2010/07/13 v5.5 Page Geometry

(/usr/local/texlive/2010/texmf-dist/tex/latex/graphics/keyval.sty
Package: keyval 1999/03/16 v1.13 key=value parser (DPC)
\KV@toks@=\toks16
)
(/usr/local/texlive/2010/texmf-dist/tex/generic/oberdiek/ifpdf.sty
Package: ifpdf 2010/01/28 v2.1 Provides the ifpdf switch (HO)
Package ifpdf Info: pdfTeX in pdf mode detected.
)
(/usr/local/texlive/2010/texmf-dist/tex/generic/oberdiek/ifvtex.sty
Package: ifvtex 2010/03/01 v1.5 Switches for detecting VTeX and its modes (HO)
Package ifvtex Info: VTeX not detected.
)
\Gm@cnth=\count87
\Gm@cntv=\count88
\c@Gm@tempcnt=\count89
\Gm@bindingoffset=\dimen103
\Gm@wd@mp=\dimen104
\Gm@odd@mp=\dimen105
\Gm@even@mp=\dimen106
\Gm@layoutwidth=\dimen107
\Gm@layoutheight=\dimen108
\Gm@layouthoffset=\dimen109
\Gm@layoutvoffset=\dimen110
\Gm@dimlist=\toks17
)
(/usr/local/texlive/2010/texmf-dist/tex/latex/graphics/graphicx.sty
Package: graphicx 1999/02/16 v1.0f Enhanced LaTeX Graphics (DPC,SPQR)

(/usr/local/texlive/2010/texmf-dist/tex/latex/graphics/graphics.sty
Package: graphics 2009/02/05 v1.0o Standard LaTeX Graphics (DPC,SPQR)

(/usr/local/texlive/2010/texmf-dist/tex/latex/graphics/trig.sty
Package: trig 1999/03/16 v1.09 sin cos tan (DPC)
)
(/usr/local/texlive/2010/texmf-dist/tex/latex/latexconfig/graphics.cfg
File: graphics.cfg 2010/04/23 v1.9 graphics configuration of TeX Live
)
Package graphics Info: Driver file: pdftex.def on input line 91.

(/usr/local/texlive/2010/texmf-dist/tex/latex/pdftex-def/pdftex.def
File: pdftex.def 2010/02/14 v0.04n Graphics/color for pdfTeX
\Gread@gobject=\count90
))
\Gin@req@height=\dimen111
\Gin@req@width=\dimen112
)
(/usr/local/texlive/2010/texmf-dist/tex/latex/float/float.sty
Package: float 2001/11/08 v1.3d Float enhancements (AL)
\c@float@type=\count91
\float@exts=\toks18
\float@box=\box26
\@float@everytoks=\toks19
\@floatcapt=\box27
)
(/usr/local/texlive/2010/texmf-dist/tex/latex/wrapfig/wrapfig.sty
\wrapoverhang=\dimen113
\WF@size=\dimen114
\c@WF@wrappedlines=\count92
\WF@box=\box28
\WF@everypar=\toks20
Package: wrapfig 2003/01/31  v 3.6
)
(/usr/local/texlive/2010/texmf-dist/tex/latex/listings/listings.sty
\lst@mode=\count93
\lst@gtempboxa=\box29
\lst@token=\toks21
\lst@length=\count94
\lst@currlwidth=\dimen115
\lst@column=\count95
\lst@pos=\count96
\lst@lostspace=\dimen116
\lst@width=\dimen117
\lst@newlines=\count97
\lst@lineno=\count98
\lst@maxwidth=\dimen118

(/usr/local/texlive/2010/texmf-dist/tex/latex/listings/lstmisc.sty
File: lstmisc.sty 2007/02/22 1.4 (Carsten Heinz)
\c@lstnumber=\count99
\lst@skipnumbers=\count100
\lst@framebox=\box30
)
(/usr/local/texlive/2010/texmf-dist/tex/latex/listings/listings.cfg
File: listings.cfg 2007/02/22 1.4 listings configuration
))
Package: listings 2007/02/22 1.4 (Carsten Heinz)

(/usr/local/texlive/2010/texmf-dist/tex/latex/tools/multicol.sty
Package: multicol 2008/12/05 v1.6h multicolumn formatting (FMi)
\c@tracingmulticols=\count101
\mult@box=\box31
\multicol@leftmargin=\dimen119
\c@unbalance=\count102
\c@collectmore=\count103
\doublecol@number=\count104
\multicoltolerance=\count105
\multicolpretolerance=\count106
\full@width=\dimen120
\page@free=\dimen121
\premulticols=\dimen122
\postmulticols=\dimen123
\multicolsep=\skip43
\multicolbaselineskip=\skip44
\partial@page=\box32
\last@line=\box33
\mult@rightbox=\box34
\mult@grightbox=\box35
\mult@gfirstbox=\box36
\mult@firstbox=\box37
\@tempa=\box38
\@tempa=\box39
\@tempa=\box40
\@tempa=\box41
\@tempa=\box42
\@tempa=\box43
\@tempa=\box44
\@tempa=\box45
\@tempa=\box46
\@tempa=\box47
\@tempa=\box48
\@tempa=\box49
\@tempa=\box50
\@tempa=\box51
\@tempa=\box52
\@tempa=\box53
\@tempa=\box54
\c@columnbadness=\count107
\c@finalcolumnbadness=\count108
\last@try=\dimen124
\multicolovershoot=\dimen125
\multicolundershoot=\dimen126
\mult@nat@firstbox=\box55
\colbreak@box=\box56
)
(/usr/local/texlive/2010/texmf-dist/tex/latex/sidecap/sidecap.sty
Package: sidecap 2003/06/06 v1.6f SideCap Package (RN/HjG)

(/usr/local/texlive/2010/texmf-dist/tex/latex/base/ifthen.sty
Package: ifthen 2001/05/26 v1.1c Standard LaTeX ifthen package (DPC)
)
\SC@BOXWD=\dimen127
\SC@CAPWD=\dimen128
\SC@tempdima=\dimen129
\SC@tempdimb=\dimen130
\c@SC@C=\count109
\SC@BOX=\box57
)
(/usr/local/texlive/2010/texmf-dist/tex/latex/booktabs/booktabs.sty
Package: booktabs 2005/04/14 v1.61803 publication quality tables
\heavyrulewidth=\dimen131
\lightrulewidth=\dimen132
\cmidrulewidth=\dimen133
\belowrulesep=\dimen134
\belowbottomsep=\dimen135
\aboverulesep=\dimen136
\abovetopsep=\dimen137
\cmidrulesep=\dimen138
\cmidrulekern=\dimen139
\defaultaddspace=\dimen140
\@cmidla=\count110
\@cmidlb=\count111
\@aboverulesep=\dimen141
\@belowrulesep=\dimen142
\@thisruleclass=\count112
\@lastruleclass=\count113
\@thisrulewidth=\dimen143
)
(/usr/local/texlive/2010/texmf-dist/tex/latex/tools/array.sty
Package: array 2008/09/09 v2.4c Tabular extension package (FMi)
\col@sep=\dimen144
\extrarowheight=\dimen145
\NC@list=\toks22
\extratabsurround=\skip45
\backup@length=\skip46
)
(/usr/local/texlive/2010/texmf-dist/tex/latex/paralist/paralist.sty
Package: paralist 2002/03/18 v2.3b Extended list environments (BS)
\pltopsep=\skip47
\plpartopsep=\skip48
\plitemsep=\skip49
\plparsep=\skip50
\pl@lab=\toks23
)
(/usr/local/texlive/2010/texmf-dist/tex/latex/tools/verbatim.sty
Package: verbatim 2003/08/22 v1.5q LaTeX2e package for verbatim enhancements
\every@verbatim=\toks24
\verbatim@line=\toks25
\verbatim@in@stream=\read1
)
(/usr/local/texlive/2010/texmf-dist/tex/latex/subfig/subfig.sty
Package: subfig 2005/06/28 ver: 1.3 subfig package

(/usr/local/texlive/2010/texmf-dist/tex/latex/caption/caption.sty
Package: caption 2010/01/09 v3.1m Customizing captions (AR)

(/usr/local/texlive/2010/texmf-dist/tex/latex/caption/caption3.sty
Package: caption3 2010/01/14 v3.1m caption3 kernel (AR)
\captionmargin=\dimen146
\captionmargin@=\dimen147
\captionwidth=\dimen148
\caption@indent=\dimen149
\caption@parindent=\dimen150
\caption@hangindent=\dimen151
)
\c@ContinuedFloat=\count114
Package caption Info: float package is loaded.
Package caption Info: listings package is loaded.
Package caption Info: sidecap package is loaded.
Package caption Info: wrapfig package is loaded.
)
\c@KVtest=\count115
\sf@farskip=\skip51
\sf@captopadj=\dimen152
\sf@capskip=\skip52
\sf@nearskip=\skip53
\c@subfigure=\count116
\c@subfigure@save=\count117
\c@lofdepth=\count118
\c@subtable=\count119
\c@subtable@save=\count120
\c@lotdepth=\count121
\sf@top=\skip54
\sf@bottom=\skip55
)
(/usr/local/texlive/2010/texmf-dist/tex/latex/fancyhdr/fancyhdr.sty
\fancy@headwidth=\skip56
\f@ncyO@elh=\skip57
\f@ncyO@erh=\skip58
\f@ncyO@olh=\skip59
\f@ncyO@orh=\skip60
\f@ncyO@elf=\skip61
\f@ncyO@erf=\skip62
\f@ncyO@olf=\skip63
\f@ncyO@orf=\skip64
)
(/usr/local/texlive/2010/texmf-dist/tex/latex/sectsty/sectsty.sty
Package: sectsty 2002/02/25 v2.0.2 Commands to change all sectional heading sty
les
)
(/usr/local/texlive/2010/texmf-dist/tex/latex/tocbibind/tocbibind.sty
Package: tocbibind 2009/12/28 v1.5j extra ToC listings


Package tocbibind Note: The document has section divisions.


Package tocbibind Note: Using section or other style headings.

) (/usr/local/texlive/2010/texmf-dist/tex/latex/tocloft/tocloft.sty
Package: tocloft 2009/09/04 v2.3d parameterised ToC, etc., typesetting


Package tocloft Note: The document has section divisions.

\cftparskip=\skip65
\cftbeforetoctitleskip=\skip66
\cftaftertoctitleskip=\skip67
\cftbeforepartskip=\skip68
\cftpartnumwidth=\skip69
\cftpartindent=\skip70
\cftbeforesecskip=\skip71
\cftsecindent=\skip72
\cftsecnumwidth=\skip73
\cftbeforesubsecskip=\skip74
\cftsubsecindent=\skip75
\cftsubsecnumwidth=\skip76
\cftbeforesubsubsecskip=\skip77
\cftsubsubsecindent=\skip78
\cftsubsubsecnumwidth=\skip79
\cftbeforeparaskip=\skip80
\cftparaindent=\skip81
\cftparanumwidth=\skip82
\cftbeforesubparaskip=\skip83
\cftsubparaindent=\skip84
\cftsubparanumwidth=\skip85
\cftbeforeloftitleskip=\skip86
\cftafterloftitleskip=\skip87
\cftbeforefigskip=\skip88
\cftfigindent=\skip89
\cftfignumwidth=\skip90
\cftbeforelottitleskip=\skip91
\cftafterlottitleskip=\skip92
\cftbeforetabskip=\skip93
\cfttabindent=\skip94
\cfttabnumwidth=\skip95
\cftbeforesubfigskip=\skip96
\cftsubfigindent=\skip97
\cftsubfignumwidth=\skip98
\cftbeforesubtabskip=\skip99
\cftsubtabindent=\skip100
\cftsubtabnumwidth=\skip101
) (./telescopedoc.aux)
\openout1 = `telescopedoc.aux'.

LaTeX Font Info:    Checking defaults for OML/cmm/m/it on input line 66.
LaTeX Font Info:    ... okay on input line 66.
LaTeX Font Info:    Checking defaults for T1/cmr/m/n on input line 66.
LaTeX Font Info:    ... okay on input line 66.
LaTeX Font Info:    Checking defaults for OT1/cmr/m/n on input line 66.
LaTeX Font Info:    ... okay on input line 66.
LaTeX Font Info:    Checking defaults for OMS/cmsy/m/n on input line 66.
LaTeX Font Info:    ... okay on input line 66.
LaTeX Font Info:    Checking defaults for OMX/cmex/m/n on input line 66.
LaTeX Font Info:    ... okay on input line 66.
LaTeX Font Info:    Checking defaults for U/cmr/m/n on input line 66.
LaTeX Font Info:    ... okay on input line 66.

*geometry* driver: auto-detecting
*geometry* detected driver: pdftex
*geometry* verbose mode - [ preamble ] result:
* driver: pdftex
* paper: a4paper
* layout: <same size as paper>
* layoutoffset:(h,v)=(0.0pt,0.0pt)
* modes: 
* h-part:(L,W,R)=(89.62709pt, 418.25368pt, 89.6271pt)
* v-part:(T,H,B)=(101.40665pt, 591.5302pt, 152.11pt)
* \paperwidth=597.50787pt
* \paperheight=845.04684pt
* \textwidth=418.25368pt
* \textheight=591.5302pt
* \oddsidemargin=17.3571pt
* \evensidemargin=17.3571pt
* \topmargin=-7.86334pt
* \headheight=12.0pt
* \headsep=25.0pt
* \topskip=11.0pt
* \footskip=30.0pt
* \marginparwidth=59.0pt
* \marginparsep=10.0pt
* \columnsep=10.0pt
* \skip\footins=10.0pt plus 4.0pt minus 2.0pt
* \hoffset=0.0pt
* \voffset=0.0pt
* \mag=1000
* \@twocolumnfalse
* \@twosidefalse
* \@mparswitchfalse
* \@reversemarginfalse
* (1in=72.27pt=25.4mm, 1cm=28.453pt)

(/usr/local/texlive/2010/texmf-dist/tex/context/base/supp-pdf.mkii
[Loading MPS to PDF converter (version 2006.09.02).]
\scratchcounter=\count122
\scratchdimen=\dimen153
\scratchbox=\box58
\nofMPsegments=\count123
\nofMParguments=\count124
\everyMPshowfont=\toks26
\MPscratchCnt=\count125
\MPscratchDim=\dimen154
\MPnumerator=\count126
\everyMPtoPDFconversion=\toks27
) (/usr/local/texlive/2010/texmf-dist/tex/generic/oberdiek/pdftexcmds.sty
Package: pdftexcmds 2010/04/01 v0.9 Utility functions of pdfTeX for LuaTeX (HO)


(/usr/local/texlive/2010/texmf-dist/tex/generic/oberdiek/infwarerr.sty
Package: infwarerr 2010/04/08 v1.3 Providing info/warning/message (HO)
)
(/usr/local/texlive/2010/texmf-dist/tex/generic/oberdiek/ifluatex.sty
Package: ifluatex 2010/03/01 v1.3 Provides the ifluatex switch (HO)
Package ifluatex Info: LuaTeX not detected.
)
(/usr/local/texlive/2010/texmf-dist/tex/generic/oberdiek/ltxcmds.sty
Package: ltxcmds 2010/04/26 v1.7 LaTeX kernel commands for general use (HO)
)
Package pdftexcmds Info: LuaTeX not detected.
Package pdftexcmds Info: \pdf@primitive is available.
Package pdftexcmds Info: \pdf@ifprimitive is available.
)
(/usr/local/texlive/2010/texmf-dist/tex/latex/oberdiek/epstopdf-base.sty
Package: epstopdf-base 2010/02/09 v2.5 Base part for package epstopdf

(/usr/local/texlive/2010/texmf-dist/tex/latex/oberdiek/grfext.sty
Package: grfext 2007/09/30 v1.0 Managing graphics extensions (HO)
)
(/usr/local/texlive/2010/texmf-dist/tex/latex/oberdiek/kvoptions.sty
Package: kvoptions 2010/02/22 v3.7 Keyval support for LaTeX options (HO)

(/usr/local/texlive/2010/texmf-dist/tex/generic/oberdiek/kvsetkeys.sty
Package: kvsetkeys 2010/03/01 v1.9 Key value parser (HO)

(/usr/local/texlive/2010/texmf-dist/tex/generic/oberdiek/etexcmds.sty
Package: etexcmds 2010/01/28 v1.3 Prefix for e-TeX command names (HO)
Package etexcmds Info: Could not find \expanded.
(etexcmds)             That can mean that you are not using pdfTeX 1.50 or
(etexcmds)             that some package has redefined \expanded.
(etexcmds)             In the latter case, load this package earlier.
)))
Package grfext Info: Graphics extension search list:
(grfext)             [.png,.pdf,.jpg,.mps,.jpeg,.jbig2,.jb2,.PNG,.PDF,.JPG,.JPE
G,.JBIG2,.JB2,.eps]
(grfext)             \AppendGraphicsExtensions on input line 436.

(/usr/local/texlive/2010/texmf-dist/tex/latex/latexconfig/epstopdf-sys.cfg
File: epstopdf-sys.cfg 2010/07/13 v1.3 Configuration of (r)epstopdf for TeX Liv
e
))
\c@lstlisting=\count127

(/usr/local/texlive/2010/texmf-dist/tex/latex/ms/ragged2e.sty
Package: ragged2e 2009/05/21 v2.1 ragged2e Package (MS)

(/usr/local/texlive/2010/texmf-dist/tex/latex/ms/everysel.sty
Package: everysel 2009/05/30 v1.1 EverySelectfont Package (MS)
LaTeX Info: Redefining \selectfont on input line 117.
)
\CenteringLeftskip=\skip102
\RaggedLeftLeftskip=\skip103
\RaggedRightLeftskip=\skip104
\CenteringRightskip=\skip105
\RaggedLeftRightskip=\skip106
\RaggedRightRightskip=\skip107
\CenteringParfillskip=\skip108
\RaggedLeftParfillskip=\skip109
\RaggedRightParfillskip=\skip110
\JustifyingParfillskip=\skip111
\CenteringParindent=\skip112
\RaggedLeftParindent=\skip113
\RaggedRightParindent=\skip114
\JustifyingParindent=\skip115
)
Package caption Info: Begin \AtBeginDocument code.
Package caption3 Info: subfig package 1.2 or 1.3 is loaded.
LaTeX Info: Redefining \subref on input line 66.
Package caption Info: End \AtBeginDocument code.
LaTeX Font Info:    External font `cmex10' loaded for size
(Font)              <12> on input line 67.
LaTeX Font Info:    External font `cmex10' loaded for size
(Font)              <8> on input line 67.
LaTeX Font Info:    External font `cmex10' loaded for size
(Font)              <6> on input line 67.

(/usr/local/texlive/2010/texmf-dist/tex/latex/listings/lstlang1.sty
File: lstlang1.sty 2004/09/05 1.3 listings language file
)
(./telescopedoc.toc
LaTeX Font Info:    External font `cmex10' loaded for size
(Font)              <10.95> on input line 1.
 [1

{/usr/local/texlive/2010/texmf-var/fonts/map/pdftex/updmap/pdftex.map}] [2])
\tf@toc=\write3
\openout3 = `telescopedoc.toc'.

 [3] [4]
LaTeX Font Info:    Try loading font information for OMS+cmr on input line 123.


(/usr/local/texlive/2010/texmf-dist/tex/latex/base/omscmr.fd
File: omscmr.fd 1999/05/25 v2.5h Standard LaTeX font definitions
)
LaTeX Font Info:    Font shape `OMS/cmr/m/n' in size <10.95> not available
(Font)              Font shape `OMS/cmsy/m/n' tried instead on input line 123.
 [5]
Underfull \hbox (badness 2042) in paragraph at lines 168--168
[]|\OT1/cmr/m/n/10.95 AIM-Cambridge / Emer-son
 []


Overfull \hbox (10.03093pt too wide) in paragraph at lines 156--176
[] 
 []


Underfull \hbox (badness 1953) in paragraph at lines 187--187
[]|\OT1/cmr/m/n/10.95 SMA-F to Sol-der Pin Bulk-head
 []


Underfull \hbox (badness 1062) in paragraph at lines 188--188
[]|\OT1/cmr/m/n/10.95 SMA-M to SMA-M Right An-gle
 []


Overfull \hbox (2.80681pt too wide) in paragraph at lines 179--209
[] 
 []

[6] [7]
Overfull \hbox (4.6544pt too wide) in paragraph at lines 230--244
[] 
 []


Overfull \hbox (11.28526pt too wide) in paragraph at lines 248--261
[] 
 []


Overfull \hbox (24.54686pt too wide) in paragraph at lines 265--272
[] 
 []


Overfull \hbox (25.96133pt too wide) in paragraph at lines 276--290
[] 
 []

[8]
Overfull \hbox (52.24683pt too wide) in paragraph at lines 307--319
[] 
 []

[9]
Underfull \hbox (badness 10000) in paragraph at lines 335--337

 []


Underfull \hbox (badness 10000) in paragraph at lines 335--337

 []

[10] [11]
Underfull \hbox (badness 10000) in paragraph at lines 399--403

 []


Underfull \hbox (badness 10000) in paragraph at lines 399--403

 []


Underfull \hbox (badness 10000) in paragraph at lines 432--437

 []


Underfull \hbox (badness 10000) in paragraph at lines 432--437

 []

[12]
Underfull \hbox (badness 10000) in paragraph at lines 472--475

 []

[13] [14]
LaTeX Font Info:    Try loading font information for OML+cmr on input line 541.

 (/usr/local/texlive/2010/texmf-dist/tex/latex/base/omlcmr.fd
File: omlcmr.fd 1999/05/25 v2.5h Standard LaTeX font definitions
)
LaTeX Font Info:    Font shape `OML/cmr/m/it' in size <10.95> not available
(Font)              Font shape `OML/cmm/m/it' tried instead on input line 541.

[15]
Underfull \hbox (badness 10000) in paragraph at lines 571--575

 []

[16]
Underfull \hbox (badness 10000) in paragraph at lines 590--597

 []


Overfull \hbox (8.94891pt too wide) in paragraph at lines 590--597
\OT1/cmr/m/n/10.95 https://github.com/BenningtonCS/Telescope-2014/wiki/SPID-Ant
enna-Rotator-Setup---
 []


Underfull \hbox (badness 10000) in paragraph at lines 590--597

 []


Underfull \hbox (badness 10000) in paragraph at lines 590--597

 []


Underfull \hbox (badness 10000) in paragraph at lines 590--597

 []


Overfull \hbox (27.25859pt too wide) in paragraph at lines 623--624
\OT1/cmr/m/n/10.95 The ro-ta-tor we used was an Al-pha Spid RAS ro-tor (http://
www.spid.alpha.pl/english/11.php).
 []


Underfull \hbox (badness 10000) in paragraph at lines 623--624

 []


Underfull \hbox (badness 10000) in paragraph at lines 623--624

 []

<wiring/01.jpeg, id=64, 1842.885pt x 2457.18pt>
File: wiring/01.jpeg Graphic file (type jpg)
 <use wiring/01.jpeg>
endSC@dblfloat: \@tempdima=418.25368pt
<wiring/02.jpeg, id=65, 1842.885pt x 2457.18pt>
File: wiring/02.jpeg Graphic file (type jpg)
 <use wiring/02.jpeg>
<wiring/03.jpeg, id=66, 2211.26125pt x 2948.01375pt>
File: wiring/03.jpeg Graphic file (type jpg)
 <use wiring/03.jpeg>
<wiring/04.jpeg, id=67, 2211.26125pt x 2948.01375pt>
File: wiring/04.jpeg Graphic file (type jpg)
 <use wiring/04.jpeg>
<wiring/05.jpeg, id=68, 2211.26125pt x 2948.01375pt>
File: wiring/05.jpeg Graphic file (type jpg)
 <use wiring/05.jpeg>
<wiring/06.jpeg, id=69, 2948.01375pt x 2211.26125pt>
File: wiring/06.jpeg Graphic file (type jpg)
 <use wiring/06.jpeg>
<wiring/07.jpeg, id=70, 2211.26125pt x 2948.01375pt>
File: wiring/07.jpeg Graphic file (type jpg)
 <use wiring/07.jpeg>
<wiring/08.jpeg, id=71, 2948.01375pt x 2211.26125pt>
File: wiring/08.jpeg Graphic file (type jpg)
 <use wiring/08.jpeg>
<wiring/09.jpeg, id=72, 1842.885pt x 2457.18pt>
File: wiring/09.jpeg Graphic file (type jpg)
 <use wiring/09.jpeg>
<wiring/10.jpeg, id=73, 2948.01375pt x 2211.26125pt>
File: wiring/10.jpeg Graphic file (type jpg)
 <use wiring/10.jpeg>
Underfull \hbox (badness 1540) in paragraph at lines 693--693
[][]\OT1/cmr/m/n/10.95 : |Once ev-ery-thing was se-
 []

[17] [18 <./wiring/01.jpeg> <./wiring/02.jpeg>] [19 <./wiring/03.jpeg> <./wirin
g/04.jpeg>] [20 <./wiring/05.jpeg> <./wiring/06.jpeg>] [21 <./wiring/07.jpeg> <
./wiring/08.jpeg>] [22 <./wiring/09.jpeg> <./wiring/10.jpeg>]
Underfull \hbox (badness 10000) in paragraph at lines 717--722

 []


Underfull \hbox (badness 10000) in paragraph at lines 717--722

 []


Underfull \hbox (badness 10000) in paragraph at lines 725--730

 []


Underfull \hbox (badness 10000) in paragraph at lines 725--730

 []

[23]
Underfull \hbox (badness 10000) in paragraph at lines 737--750

 []


Underfull \hbox (badness 10000) in paragraph at lines 737--750

 []


Underfull \hbox (badness 10000) in paragraph at lines 737--750

 []


Underfull \hbox (badness 10000) in paragraph at lines 737--750

 []


Underfull \hbox (badness 10000) in paragraph at lines 737--750

 []


Underfull \hbox (badness 10000) in paragraph at lines 737--750

 []


Underfull \hbox (badness 10000) in paragraph at lines 753--763

 []


Underfull \hbox (badness 10000) in paragraph at lines 753--763

 []


Underfull \hbox (badness 10000) in paragraph at lines 753--763

 []


Underfull \hbox (badness 10000) in paragraph at lines 753--763

 []

[24]
Underfull \hbox (badness 10000) in paragraph at lines 766--776

 []


Underfull \hbox (badness 10000) in paragraph at lines 766--776

 []


Underfull \hbox (badness 10000) in paragraph at lines 766--776

 []


Underfull \hbox (badness 10000) in paragraph at lines 766--776

 []


Underfull \hbox (badness 10000) in paragraph at lines 787--790

 []

[25] <controller/01.jpeg, id=104, 2948.01375pt x 2211.26125pt>
File: controller/01.jpeg Graphic file (type jpg)

<use controller/01.jpeg>
Underfull \hbox (badness 10000) in paragraph at lines 820--823

 []

<controller/02.jpeg, id=105, 2948.01375pt x 2211.26125pt>
File: controller/02.jpeg Graphic file (type jpg)

<use controller/02.jpeg>
<controller/03.jpeg, id=106, 2948.01375pt x 2211.26125pt>
File: controller/03.jpeg Graphic file (type jpg)

<use controller/03.jpeg> [26 <./controller/01.jpeg>]
<controller/04.jpeg, id=110, 2457.18pt x 1842.885pt>
File: controller/04.jpeg Graphic file (type jpg)
 <use controller/04.jpeg>
[27 <./controller/02.jpeg> <./controller/03.jpeg>]
<lna/01.jpeg, id=114, 2948.01375pt x 2211.26125pt>
File: lna/01.jpeg Graphic file (type jpg)
 <use lna/01.jpeg>
<lna/02.jpeg, id=115, 2948.01375pt x 2211.26125pt>
File: lna/02.jpeg Graphic file (type jpg)
 <use lna/02.jpeg>
<lna/03.jpeg, id=116, 2457.18pt x 1842.885pt>
File: lna/03.jpeg Graphic file (type jpg)
 <use lna/03.jpeg>
<lna/04.jpeg, id=117, 2948.01375pt x 2211.26125pt>
File: lna/04.jpeg Graphic file (type jpg)
 <use lna/04.jpeg>
<lna/05.jpeg, id=118, 2457.18pt x 1842.885pt>
File: lna/05.jpeg Graphic file (type jpg)
 <use lna/05.jpeg>
<lna/06.jpeg, id=119, 2457.18pt x 1842.885pt>
File: lna/06.jpeg Graphic file (type jpg)
 <use lna/06.jpeg>
<lna/07.jpeg, id=120, 2457.18pt x 1842.885pt>
File: lna/07.jpeg Graphic file (type jpg)
 <use lna/07.jpeg>
<lna/08.jpeg, id=121, 1638.12pt x 1228.59pt>
File: lna/08.jpeg Graphic file (type jpg)
 <use lna/08.jpeg>
<lna/09.jpeg, id=122, 1638.12pt x 1228.59pt>
File: lna/09.jpeg Graphic file (type jpg)
 <use lna/09.jpeg>
<lna/10.jpeg, id=123, 1638.12pt x 1228.59pt>
File: lna/10.jpeg Graphic file (type jpg)
 <use lna/10.jpeg>
<lna/11.jpeg, id=124, 1638.12pt x 1228.59pt>
File: lna/11.jpeg Graphic file (type jpg)
 <use lna/11.jpeg>
<lnainterface/01.jpeg, id=125, 724.7075pt x 950.55125pt>
File: lnainterface/01.jpeg Graphic file (type jpg)

<use lnainterface/01.jpeg>
Overfull \vbox (116.79587pt too high) has occurred while \output is active []


[28 <./controller/04.jpeg> <./lna/01.jpeg> <./lnainterface/01.jpeg>] [29 <./lna
/02.jpeg> <./lna/03.jpeg> <./lna/04.jpeg> <./lna/05.jpeg>] [30 <./lna/06.jpeg> 
<./lna/07.jpeg> <./lna/08.jpeg> <./lna/09.jpeg>] [31 <./lna/10.jpeg> <./lna/11.
jpeg>] <lnainterface/02.jpeg, id=139, 1638.12pt x 1228.59pt>
File: lnainterface/02.jpeg Graphic file (type jpg)

<use lnainterface/02.jpeg>
<lnainterface/03.jpeg, id=140, 1638.12pt x 1228.59pt>
File: lnainterface/03.jpeg Graphic file (type jpg)

<use lnainterface/03.jpeg> [32 <./lnainterface/02.jpeg>]
<lnainterface/04.jpeg, id=144, 1638.12pt x 1228.59pt>
File: lnainterface/04.jpeg Graphic file (type jpg)

<use lnainterface/04.jpeg> [33 <./lnainterface/03.jpeg> <./lnainterface/04.jpeg
>] <lnainterface/05.jpeg, id=148, 1638.12pt x 1228.59pt>
File: lnainterface/05.jpeg Graphic file (type jpg)

<use lnainterface/05.jpeg> [34]
<lnainterface/06.jpeg, id=152, 1228.59pt x 1638.12pt>
File: lnainterface/06.jpeg Graphic file (type jpg)

<use lnainterface/06.jpeg> [35 <./lnainterface/05.jpeg> <./lnainterface/06.jpeg
>] <feed/01.jpeg, id=156, 2457.18pt x 1842.885pt>
File: feed/01.jpeg Graphic file (type jpg)
 <use feed/01.jpeg>
<feed/02.jpeg, id=157, 2457.18pt x 1842.885pt>
File: feed/02.jpeg Graphic file (type jpg)
 <use feed/02.jpeg> [36 <./feed/01.jpeg> <./feed/02.jpeg>] <feed/03.jpeg, id=16
1, 2457.18pt x 1842.885pt>
File: feed/03.jpeg Graphic file (type jpg)

<use feed/03.jpeg> <feed/04.jpeg, id=162, 2948.01375pt x 2211.26125pt>
File: feed/04.jpeg Graphic file (type jpg)

<use feed/04.jpeg> [37 <./feed/03.jpeg>]
<feed/05.jpeg, id=167, 2457.18pt x 1842.885pt>
File: feed/05.jpeg Graphic file (type jpg)
 <use feed/05.jpeg> [38 <./feed/04.jpeg> <./feed/05.jpeg>] <feed/06.jpeg, id=17
1, 2948.01375pt x 2211.26125pt>
File: feed/06.jpeg Graphic file (type jpg)

<use feed/06.jpeg> <feed/07.jpeg, id=172, 2948.01375pt x 2211.26125pt>
File: feed/07.jpeg Graphic file (type jpg)

<use feed/07.jpeg> [39 <./feed/06.jpeg> <./feed/07.jpeg>]
<feed/08.jpeg, id=176, 2948.01375pt x 2211.26125pt>
File: feed/08.jpeg Graphic file (type jpg)
 <use feed/08.jpeg>
<feed/09.jpeg, id=177, 3276.24pt x 2457.18pt>
File: feed/09.jpeg Graphic file (type jpg)
 <use feed/09.jpeg> [40 <./feed/08.jpeg>] <feed/10.jpeg, id=181, 3276.24pt x 24
57.18pt>
File: feed/10.jpeg Graphic file (type jpg)
 <use feed/10.jpeg>
<feed/11.jpeg, id=182, 3276.24pt x 2457.18pt>
File: feed/11.jpeg Graphic file (type jpg)
 <use feed/11.jpeg> [41 <./feed/09.jpeg> <./feed/10.jpeg>] <feed/12.jpeg, id=18
6, 2457.18pt x 3276.24pt>
File: feed/12.jpeg Graphic file (type jpg)

<use feed/12.jpeg> [42 <./feed/11.jpeg>]
<feed/13.jpeg, id=190, 2457.18pt x 3276.24pt>
File: feed/13.jpeg Graphic file (type jpg)
 <use feed/13.jpeg> [43 <./feed/12.jpeg>] <feed/14.jpeg, id=195, 3276.24pt x 24
57.18pt>
File: feed/14.jpeg Graphic file (type jpg)
 <use feed/14.jpeg>
[44 <./feed/13.jpeg>] <feed/15.jpeg, id=199, 3276.24pt x 2457.18pt>
File: feed/15.jpeg Graphic file (type jpg)

<use feed/15.jpeg> <feed/16.jpeg, id=200, 3276.24pt x 2457.18pt>
File: feed/16.jpeg Graphic file (type jpg)

<use feed/16.jpeg> [45 <./feed/14.jpeg> <./feed/15.jpeg>]
<feed/17.jpeg, id=204, 3276.24pt x 2457.18pt>
File: feed/17.jpeg Graphic file (type jpg)
 <use feed/17.jpeg>
<feed/18.jpeg, id=205, 3276.24pt x 2457.18pt>
File: feed/18.jpeg Graphic file (type jpg)
 <use feed/18.jpeg> [46 <./feed/16.jpeg> <./feed/17.jpeg>] <feed/19.jpeg, id=20
9, 3276.24pt x 2457.18pt>
File: feed/19.jpeg Graphic file (type jpg)

<use feed/19.jpeg> <feed/20.jpeg, id=210, 2457.18pt x 3276.24pt>
File: feed/20.jpeg Graphic file (type jpg)

<use feed/20.jpeg> [47 <./feed/18.jpeg> <./feed/19.jpeg>]
<roofmount/00.jpeg, id=214, 1842.885pt x 2457.18pt>
File: roofmount/00.jpeg Graphic file (type jpg)
 <use roofmount/00.jpeg>
Underfull \hbox (badness 1337) in paragraph at lines 1184--1187
\OT1/cmr/m/n/10.95 mount. It was de-signed to use few
 []


Underfull \hbox (badness 1917) in paragraph at lines 1184--1187
\OT1/cmr/m/n/10.95 struc-tures (in our case, a clerestory)
 []


Underfull \hbox (badness 1360) in paragraph at lines 1184--1187
\OT1/cmr/m/n/10.95 of the pro-cess and the con-sid-er-a-tions
 []


Underfull \hbox (badness 10000) in paragraph at lines 1184--1187

 []

<roofmount/01.jpeg, id=215, 2457.18pt x 1842.885pt>
File: roofmount/01.jpeg Graphic file (type jpg)
 <use roofmount/01.jpeg>
[48 <./feed/20.jpeg> <./roofmount/00.jpeg>]
<roofmount/02.jpeg, id=219, 1842.885pt x 2457.18pt>
File: roofmount/02.jpeg Graphic file (type jpg)
 <use roofmount/02.jpeg>
<roofmount/03.jpeg, id=220, 1842.885pt x 2457.18pt>
File: roofmount/03.jpeg Graphic file (type jpg)
 <use roofmount/03.jpeg>
[49 <./roofmount/01.jpeg> <./roofmount/02.jpeg>]
<roofmount/04.jpeg, id=225, 1842.885pt x 2457.18pt>
File: roofmount/04.jpeg Graphic file (type jpg)
 <use roofmount/04.jpeg>
[50 <./roofmount/03.jpeg>] <roofmount/05.jpeg, id=229, 1842.885pt x 2457.18pt>
File: roofmount/05.jpeg Graphic file (type jpg)

<use roofmount/05.jpeg> [51 <./roofmount/04.jpeg>]
File: roofmount/05.jpeg Graphic file (type jpg)
 <use roofmount/05.jpeg>
[52 <./roofmount/05.jpeg>] <dish/01.jpeg, id=237, 2457.18pt x 3276.24pt>
File: dish/01.jpeg Graphic file (type jpg)

<use dish/01.jpeg> [53] <dish/02.jpeg, id=241, 2457.18pt x 3276.24pt>
File: dish/02.jpeg Graphic file (type jpg)

<use dish/02.jpeg> [54 <./dish/01.jpeg>]
<dish/03.jpeg, id=245, 3276.24pt x 2457.18pt>
File: dish/03.jpeg Graphic file (type jpg)
 <use dish/03.jpeg> [55 <./dish/02.jpeg>] <dish/04.jpeg, id=250, 3276.24pt x 24
57.18pt>
File: dish/04.jpeg Graphic file (type jpg)
 <use dish/04.jpeg>
[56 <./dish/03.jpeg>] <dish/05.jpeg, id=254, 3276.24pt x 2457.18pt>
File: dish/05.jpeg Graphic file (type jpg)

<use dish/05.jpeg> [57 <./dish/04.jpeg>]
<dish/06.jpeg, id=258, 3276.24pt x 2457.18pt>
File: dish/06.jpeg Graphic file (type jpg)
 <use dish/06.jpeg> [58 <./dish/05.jpeg>] <dish/07.jpeg, id=262, 3276.24pt x 24
57.18pt>
File: dish/07.jpeg Graphic file (type jpg)
 <use dish/07.jpeg>
[59 <./dish/06.jpeg>] <dish/08.jpeg, id=266, 1612.0225pt x 2053.6725pt>
File: dish/08.jpeg Graphic file (type jpg)

<use dish/08.jpeg> <dish/09.jpeg, id=267, 3276.24pt x 2457.18pt>
File: dish/09.jpeg Graphic file (type jpg)

<use dish/09.jpeg> [60 <./dish/07.jpeg> <./dish/08.jpeg>]
<dish/10.jpeg, id=271, 3276.24pt x 2457.18pt>
File: dish/10.jpeg Graphic file (type jpg)
 <use dish/10.jpeg> [61 <./dish/09.jpeg>] <dish/11.jpeg, id=276, 3276.24pt x 24
57.18pt>
File: dish/11.jpeg Graphic file (type jpg)
 <use dish/11.jpeg>
[62 <./dish/10.jpeg>] <dish/12.jpeg, id=280, 3276.24pt x 2457.18pt>
File: dish/12.jpeg Graphic file (type jpg)

<use dish/12.jpeg> [63 <./dish/11.jpeg>]
<dish/13.jpeg, id=284, 3276.24pt x 2457.18pt>
File: dish/13.jpeg Graphic file (type jpg)
 <use dish/13.jpeg> [64 <./dish/12.jpeg>] <dish/14.jpeg, id=288, 3276.24pt x 24
57.18pt>
File: dish/14.jpeg Graphic file (type jpg)
 <use dish/14.jpeg>
[65 <./dish/13.jpeg>] <dish/15.jpeg, id=292, 3276.24pt x 2457.18pt>
File: dish/15.jpeg Graphic file (type jpg)

<use dish/15.jpeg> [66 <./dish/14.jpeg>]
<dish/16.jpeg, id=296, 3276.24pt x 2457.18pt>
File: dish/16.jpeg Graphic file (type jpg)
 <use dish/16.jpeg> [67 <./dish/15.jpeg>] <dish/17.jpeg, id=301, 3276.24pt x 24
57.18pt>
File: dish/17.jpeg Graphic file (type jpg)
 <use dish/17.jpeg>
[68 <./dish/16.jpeg>] <dish/18.jpeg, id=305, 3276.24pt x 2457.18pt>
File: dish/18.jpeg Graphic file (type jpg)

<use dish/18.jpeg> [69 <./dish/17.jpeg>]
<dish/19.jpeg, id=309, 3276.24pt x 2457.18pt>
File: dish/19.jpeg Graphic file (type jpg)
 <use dish/19.jpeg> [70 <./dish/18.jpeg>] [71 <./dish/19.jpeg>] (./telescopedoc
.aux)

LaTeX Warning: Label(s) may have changed. Rerun to get cross-references right.

 ) 
Here is how much of TeX's memory you used:
 6392 strings out of 493747
 93112 string characters out of 3143546
 178194 words of memory out of 3000000
 9556 multiletter control sequences out of 15000+200000
 11951 words of font info for 41 fonts, out of 3000000 for 9000
 714 hyphenation exceptions out of 8191
 44i,11n,44p,780b,1636s stack positions out of 5000i,500n,10000p,200000b,50000s
</usr/local/texlive/2010/texmf-dist/fonts/type1/public/amsfonts/cm/cmbx10.pfb
></usr/local/texlive/2010/texmf-dist/fonts/type1/public/amsfonts/cm/cmbx12.pfb>
</usr/local/texlive/2010/texmf-dist/fonts/type1/public/amsfonts/cm/cmmi10.pfb><
/usr/local/texlive/2010/texmf-dist/fonts/type1/public/amsfonts/cm/cmr10.pfb></u
sr/local/texlive/2010/texmf-dist/fonts/type1/public/amsfonts/cm/cmr12.pfb></usr
/local/texlive/2010/texmf-dist/fonts/type1/public/amsfonts/cm/cmr17.pfb></usr/l
ocal/texlive/2010/texmf-dist/fonts/type1/public/amsfonts/cm/cmr8.pfb></usr/loca
l/texlive/2010/texmf-dist/fonts/type1/public/amsfonts/cm/cmss10.pfb></usr/local
/texlive/2010/texmf-dist/fonts/type1/public/amsfonts/cm/cmss12.pfb></usr/local/
texlive/2010/texmf-dist/fonts/type1/public/amsfonts/cm/cmsy10.pfb></usr/local/t
exlive/2010/texmf-dist/fonts/type1/public/amsfonts/cm/cmti10.pfb></usr/local/te
xlive/2010/texmf-dist/fonts/type1/public/amsfonts/cm/cmti12.pfb>
Output written on telescopedoc.pdf (71 pages, 66738289 bytes).
PDF statistics:
 357 PDF objects out of 1000 (max. 8388607)
 194 compressed objects within 2 object streams
 0 named destinations out of 1000 (max. 500000)
 381 words of extra memory for PDF output out of 10000 (max. 10000000)

